<?xml version="1.0" encoding="UTF-8"?>
<coverage generated="1532439325143" clover="3.2.0">
  <project timestamp="1532439325144" name="All files">
    <metrics statements="4" coveredstatements="4" conditionals="0" coveredconditionals="0" methods="0" coveredmethods="0" elements="4" coveredelements="4" complexity="0" loc="4" ncloc="4" packages="1" files="1" classes="1">
      <file name="jestsetup.js" path="/Users/hetalishah/Desktop/Webpack_Demo/test/jestsetup.js">
        <metrics statements="4" coveredstatements="4" conditionals="0" coveredconditionals="0" methods="0" coveredmethods="0"/>
        <line num="4" count="1" type="stmt"/>
        <line num="6" count="1" type="stmt"/>
        <line num="7" count="1" type="stmt"/>
        <line num="8" count="1" type="stmt"/>
      </file>
    </metrics>
  </project>
</coverage>
